<?xml version="1.0" encoding="UTF-8"?>
<!-- Generated by org.testng.reporters.JUnitReportReporter -->
<testsuite hostname="mekbuk.local" failures="0" tests="2" name="com.syafiq.appium.LoginTest" time="4.657" errors="0" timestamp="2026-04-10T17:03:03 WIB" skipped="0">
  <testcase classname="com.syafiq.appium.LoginTest" name="testBlankUsernameAndPassword" time="2.664"/>
  <testcase classname="com.syafiq.appium.LoginTest" name="testValidUsernameAndPassword" time="1.993"/>
</testsuite> <!-- com.syafiq.appium.LoginTest -->
